  Candy.cpp
C:\Users\USER\Desktop\Candy Crush Git\Candy-Crush-C-SFML\Code\candy\Candy.cpp(29,39): warning C4244: 'argument' : conversion de 'int' en 'T', perte possible de données
          with
          [
              T=float
          ]
C:\Users\USER\Desktop\Candy Crush Git\Candy-Crush-C-SFML\Code\candy\Candy.cpp(29,36): warning C4244: 'argument' : conversion de 'int' en 'T', perte possible de données
          with
          [
              T=float
          ]
  Game.cpp
C:\Users\USER\Desktop\Candy Crush Git\Candy-Crush-C-SFML\Code\candy\Game.cpp(87,37): warning C4244: 'argument' : conversion de 'float' en 'int', perte possible de données
C:\Users\USER\Desktop\Candy Crush Git\Candy-Crush-C-SFML\Code\candy\Game.cpp(87,27): warning C4244: 'argument' : conversion de 'float' en 'int', perte possible de données
C:\Users\USER\Desktop\Candy Crush Git\Candy-Crush-C-SFML\Code\candy\Game.cpp(90,40): warning C4244: 'argument' : conversion de 'float' en 'T', perte possible de données
          with
          [
              T=int
          ]
C:\Users\USER\Desktop\Candy Crush Git\Candy-Crush-C-SFML\Code\candy\Game.cpp(90,30): warning C4244: 'argument' : conversion de 'float' en 'T', perte possible de données
          with
          [
              T=int
          ]
  Grill.cpp
  Main.cpp
C:\Users\USER\Desktop\Candy Crush Git\Candy-Crush-C-SFML\Code\candy\Main.cpp(91,37): warning C4244: 'argument' : conversion de 'float' en 'T', perte possible de données
          with
          [
              T=int
          ]
C:\Users\USER\Desktop\Candy Crush Git\Candy-Crush-C-SFML\Code\candy\Main.cpp(91,29): warning C4244: 'argument' : conversion de 'float' en 'T', perte possible de données
          with
          [
              T=int
          ]
C:\Users\USER\Desktop\Candy Crush Git\Candy-Crush-C-SFML\Code\candy\Main.cpp(100,37): warning C4244: 'argument' : conversion de 'float' en 'T', perte possible de données
          with
          [
              T=int
          ]
C:\Users\USER\Desktop\Candy Crush Git\Candy-Crush-C-SFML\Code\candy\Main.cpp(100,29): warning C4244: 'argument' : conversion de 'float' en 'T', perte possible de données
          with
          [
              T=int
          ]
C:\Users\USER\Desktop\Candy Crush Git\Candy-Crush-C-SFML\Code\candy\Main.cpp(109,37): warning C4244: 'argument' : conversion de 'float' en 'T', perte possible de données
          with
          [
              T=int
          ]
C:\Users\USER\Desktop\Candy Crush Git\Candy-Crush-C-SFML\Code\candy\Main.cpp(109,29): warning C4244: 'argument' : conversion de 'float' en 'T', perte possible de données
          with
          [
              T=int
          ]
C:\Users\USER\Desktop\Candy Crush Git\Candy-Crush-C-SFML\Code\candy\Main.cpp(141,31): warning C4305: 'argument' : troncation de 'double' à 'float'
C:\Users\USER\Desktop\Candy Crush Git\Candy-Crush-C-SFML\Code\candy\Main.cpp(155,27): warning C4305: 'argument' : troncation de 'double' à 'float'
C:\Users\USER\Desktop\Candy Crush Git\Candy-Crush-C-SFML\Code\candy\Main.cpp(158,28): warning C4305: 'argument' : troncation de 'double' à 'float'
C:\Users\USER\Desktop\Candy Crush Git\Candy-Crush-C-SFML\Code\candy\Main.cpp(217,37): warning C4244: 'argument' : conversion de 'float' en 'T', perte possible de données
          with
          [
              T=int
          ]
C:\Users\USER\Desktop\Candy Crush Git\Candy-Crush-C-SFML\Code\candy\Main.cpp(217,29): warning C4244: 'argument' : conversion de 'float' en 'T', perte possible de données
          with
          [
              T=int
          ]
C:\Users\USER\Desktop\Candy Crush Git\Candy-Crush-C-SFML\Code\candy\Main.cpp(342,66): warning C4244: 'argument' : conversion de 'float' en 'T', perte possible de données
          with
          [
              T=int
          ]
C:\Users\USER\Desktop\Candy Crush Git\Candy-Crush-C-SFML\Code\candy\Main.cpp(342,59): warning C4244: 'argument' : conversion de 'float' en 'T', perte possible de données
          with
          [
              T=int
          ]
C:\Users\USER\Desktop\Candy Crush Git\Candy-Crush-C-SFML\Code\candy\Main.cpp(343,66): warning C4244: 'argument' : conversion de 'float' en 'T', perte possible de données
          with
          [
              T=int
          ]
C:\Users\USER\Desktop\Candy Crush Git\Candy-Crush-C-SFML\Code\candy\Main.cpp(343,59): warning C4244: 'argument' : conversion de 'float' en 'T', perte possible de données
          with
          [
              T=int
          ]
C:\Users\USER\Desktop\Candy Crush Git\Candy-Crush-C-SFML\Code\candy\Main.cpp(349,67): warning C4244: 'argument' : conversion de 'float' en 'T', perte possible de données
          with
          [
              T=int
          ]
C:\Users\USER\Desktop\Candy Crush Git\Candy-Crush-C-SFML\Code\candy\Main.cpp(349,59): warning C4244: 'argument' : conversion de 'float' en 'T', perte possible de données
          with
          [
              T=int
          ]
C:\Users\USER\Desktop\Candy Crush Git\Candy-Crush-C-SFML\Code\candy\Main.cpp(367,60): warning C4305: 'argument' : troncation de 'double' à 'T'
          with
          [
              T=float
          ]
C:\Users\USER\Desktop\Candy Crush Git\Candy-Crush-C-SFML\Code\candy\Main.cpp(381,62): warning C4305: 'argument' : troncation de 'double' à 'T'
          with
          [
              T=float
          ]
C:\Users\USER\Desktop\Candy Crush Git\Candy-Crush-C-SFML\Code\candy\Main.cpp(394,60): warning C4305: 'argument' : troncation de 'double' à 'T'
          with
          [
              T=float
          ]
  Génération de code en cours
  249 of 256 functions (97.3%) were compiled, the rest were copied from previous compilation.
    0 functions were new in current compilation
    1 functions had inline decision re-evaluated but remain unchanged
  Fin de la génération du code
  candy.vcxproj -> C:\Users\USER\Desktop\Candy Crush Git\Candy-Crush-C-SFML\Code\Release\candy.exe
